Info: highlighted lines: 1 - 4
Info: highlighted lines: 11 - 14
Info: Console Shutoff()
Info: ConsoleExists()
Info: Console ZSH shutoff.
Info: Replica Teardown (Init(true))
Info: console position: 'J'
Info: console height: 5
Info: console width: 122
Info: console name: ZSH
Info: repl_prompt: '.*[$#>]\s*$'
Info: repl_name: zsh
Info: cells_delimiter: '# %%'
Info: repl_options: ''
Info: variable explorer teardown (Init(true))
Info: encoding: utf-8
Info: highlighted lines: 7 - 11
Info: highlighted lines: 1 - 18
Info: highlighted lines: 18 - 30
Info: highlighted lines: 1 - 4
Info: highlighted lines: 7 - 11
Info: ConsoleWinID()
Info: ConsoleExists()
Info: IsFiletypeSupported()
Info: ConsoleExists()
Info: Init()
Info: console position: 'J'
Info: console height: 5
Info: console width: 122
Info: console name: SH
Info: repl_prompt: '.*[$#>]\s*$'
Info: repl_name: bash
Info: cells_delimiter: '# %%'
Info: repl_options: ''
Info: variable explorer Init()
Info: encoding: utf-8
Info: Console Open()
Info: create new console
Info: start_cmd: bash 
Info: ResizeConsoleWindow()
Info: SendInitScript()
Info: vim-replica interface initialized
Info: sending init script: /Users/ubaldot/.vim/pack/minpac/start/vim-replica/languages/python/ipython_init.py
